{
  "RSpec": {
    "coverage": {
      "/home/emheri/Projects/personal/ROR/friends-management/spec/models/block_spec.rb": [
        1,
        null,
        1,
        2,
        2,
        2,
        null
      ],
      "/home/emheri/Projects/personal/ROR/friends-management/spec/rails_helper.rb": [
        null,
        1,
        1,
        1,
        1,
        null,
        1,
        1,
        null,
        null,
        null,
        null,
        null,
        null,
        null,
        null,
        null,
        null,
        null,
        null,
        null,
        null,
        null,
        2,
        null,
        null,
        null,
        1,
        null,
        1,
        1,
        1,
        1,
        null,
        null,
        null,
        1,
        null,
        null,
        null,
        null,
        null,
        null,
        1,
        null,
        null,
        null,
        null,
        null,
        null,
        null,
        null,
        null,
        null,
        null,
        null,
        null,
        null,
        1,
        null,
        null,
        1,
        null,
        null,
        null,
        1,
        null,
        1,
        1,
        1,
        null,
        null,
        1,
        35,
        35,
        null,
        null,
        null,
        1,
        null
      ],
      "/home/emheri/Projects/personal/ROR/friends-management/config/environment.rb": [
        null,
        1,
        null,
        null,
        1
      ],
      "/home/emheri/Projects/personal/ROR/friends-management/config/application.rb": [
        1,
        null,
        1,
        null,
        1,
        1,
        1,
        1,
        1,
        1,
        1,
        null,
        null,
        null,
        null,
        null,
        1,
        null,
        1,
        1,
        null,
        1,
        null,
        null,
        null,
        null,
        null,
        null,
        null,
        null,
        1,
        null,
        null
      ],
      "/home/emheri/Projects/personal/ROR/friends-management/config/boot.rb": [
        1,
        null,
        1
      ],
      "/home/emheri/Projects/personal/ROR/friends-management/config/environments/test.rb": [
        1,
        null,
        null,
        null,
        null,
        null,
        null,
        1,
        null,
        null,
        null,
        null,
        1,
        null,
        null,
        1,
        1,
        null,
        null,
        null,
        null,
        1,
        1,
        null,
        null,
        1,
        null,
        null,
        1,
        1,
        null,
        null,
        null,
        null,
        1,
        null,
        null,
        1,
        null,
        null,
        null,
        null
      ],
      "/home/emheri/Projects/personal/ROR/friends-management/config/initializers/apipie.rb": [
        1,
        1,
        1,
        1,
        1,
        1,
        1,
        null,
        1,
        null
      ],
      "/home/emheri/Projects/personal/ROR/friends-management/config/initializers/application_controller_renderer.rb": [
        null,
        null,
        null,
        null,
        null,
        null
      ],
      "/home/emheri/Projects/personal/ROR/friends-management/config/initializers/backtrace_silencers.rb": [
        null,
        null,
        null,
        null,
        null,
        null,
        null
      ],
      "/home/emheri/Projects/personal/ROR/friends-management/config/initializers/cors.rb": [
        null,
        null,
        null,
        null,
        null,
        null,
        null,
        null,
        null,
        null,
        null,
        null,
        null,
        null,
        null,
        null
      ],
      "/home/emheri/Projects/personal/ROR/friends-management/config/initializers/filter_parameter_logging.rb": [
        null,
        null,
        null,
        1
      ],
      "/home/emheri/Projects/personal/ROR/friends-management/config/initializers/inflections.rb": [
        null,
        null,
        null,
        null,
        null,
        null,
        null,
        null,
        null,
        null,
        null,
        null,
        null,
        null,
        null,
        null
      ],
      "/home/emheri/Projects/personal/ROR/friends-management/config/initializers/mime_types.rb": [
        null,
        null,
        null,
        null
      ],
      "/home/emheri/Projects/personal/ROR/friends-management/config/initializers/wrap_parameters.rb": [
        null,
        null,
        null,
        null,
        null,
        null,
        1,
        2,
        null,
        null,
        null,
        null,
        null,
        null
      ],
      "/home/emheri/Projects/personal/ROR/friends-management/spec/factories/users.rb": [
        1,
        1,
        1,
        null,
        null
      ],
      "/home/emheri/Projects/personal/ROR/friends-management/config/routes.rb": [
        1,
        1,
        1,
        1,
        1,
        1,
        null,
        null,
        1,
        1,
        1,
        1,
        null,
        1,
        1,
        null,
        null,
        null,
        1,
        null
      ],
      "/home/emheri/Projects/personal/ROR/friends-management/spec/support/request_spec_helper.rb": [
        1,
        null,
        1,
        0,
        null,
        null
      ],
      "/home/emheri/Projects/personal/ROR/friends-management/app/models/block.rb": [
        1,
        null,
        null,
        null,
        1,
        1,
        null,
        null,
        null,
        null,
        1,
        1,
        1,
        null,
        null,
        null,
        null,
        1,
        4,
        null,
        4,
        null,
        null,
        null,
        null
      ],
      "/home/emheri/Projects/personal/ROR/friends-management/app/models/application_record.rb": [
        1,
        1,
        null
      ],
      "/home/emheri/Projects/personal/ROR/friends-management/spec/models/friend_spec.rb": [
        1,
        null,
        1,
        2,
        2,
        null
      ],
      "/home/emheri/Projects/personal/ROR/friends-management/app/models/friend.rb": [
        1,
        null,
        null,
        null,
        1,
        1,
        null,
        null,
        null,
        null,
        1,
        1,
        null,
        null,
        null,
        null,
        1,
        2,
        null,
        null,
        1,
        1,
        1,
        3,
        null,
        null,
        null,
        null
      ],
      "/home/emheri/Projects/personal/ROR/friends-management/spec/models/subscribe_spec.rb": [
        1,
        null,
        1,
        2,
        2,
        2,
        null
      ],
      "/home/emheri/Projects/personal/ROR/friends-management/app/models/subscribe.rb": [
        1,
        null,
        null,
        null,
        1,
        1,
        null,
        null,
        null,
        null,
        1,
        1,
        1,
        null,
        null
      ],
      "/home/emheri/Projects/personal/ROR/friends-management/spec/models/user_spec.rb": [
        1,
        null,
        1,
        2,
        2,
        null
      ],
      "/home/emheri/Projects/personal/ROR/friends-management/app/models/user.rb": [
        1,
        null,
        null,
        null,
        1,
        1,
        1,
        1,
        1,
        1,
        1,
        1,
        1,
        1,
        null,
        null,
        null,
        null,
        1,
        1,
        1,
        null,
        null,
        null,
        null,
        null,
        1,
        1,
        null,
        null,
        1,
        5,
        8,
        8,
        8,
        6,
        null,
        5,
        null,
        null,
        null,
        1,
        null,
        null,
        null,
        1,
        5,
        null,
        null,
        null,
        null
      ],
      "/home/emheri/Projects/personal/ROR/friends-management/spec/request/api/v1/blocks_spec.rb": [
        1,
        null,
        1,
        5,
        null,
        1,
        1,
        1,
        1,
        1,
        null,
        2,
        2,
        null,
        1,
        1,
        1,
        null,
        null,
        null,
        1,
        1,
        1,
        null,
        null,
        2,
        2,
        null,
        1,
        1,
        1,
        null,
        null,
        null,
        1,
        1,
        1,
        null,
        null,
        2,
        2,
        null,
        1,
        1,
        1,
        null,
        null,
        null,
        1,
        1,
        1,
        1,
        1,
        null,
        null,
        2,
        2,
        null,
        1,
        1,
        1,
        null,
        null,
        null,
        null
      ],
      "/home/emheri/Projects/personal/ROR/friends-management/app/controllers/api/v1/blocks_controller.rb": [
        1,
        1,
        null,
        1,
        1,
        1,
        1,
        4,
        4,
        2,
        1,
        null,
        2,
        null,
        null,
        null,
        1,
        null,
        1,
        8,
        null,
        null,
        null
      ],
      "/home/emheri/Projects/personal/ROR/friends-management/app/controllers/api/v1/api_controller.rb": [
        1,
        1,
        null,
        null,
        null,
        null
      ],
      "/home/emheri/Projects/personal/ROR/friends-management/app/controllers/application_controller.rb": [
        1,
        1,
        null
      ],
      "/home/emheri/Projects/personal/ROR/friends-management/app/controllers/concerns/response.rb": [
        1,
        1,
        null,
        1,
        1,
        1,
        null,
        null,
        1,
        11,
        null,
        null,
        1,
        0,
        null,
        null,
        1,
        14,
        null,
        null,
        1,
        0,
        null,
        null,
        1,
        2,
        null,
        null,
        null
      ],
      "/home/emheri/Projects/personal/ROR/friends-management/spec/request/api/v1/friends_spec.rb": [
        1,
        null,
        1,
        11,
        null,
        1,
        4,
        null,
        1,
        1,
        1,
        1,
        null,
        null,
        2,
        null,
        1,
        1,
        1,
        null,
        null,
        null,
        1,
        1,
        1,
        1,
        1,
        null,
        null,
        2,
        null,
        1,
        1,
        1,
        null,
        null,
        null,
        1,
        2,
        2,
        null,
        1,
        1,
        1,
        null,
        null,
        null,
        1,
        2,
        null,
        1,
        1,
        1,
        null,
        null,
        null,
        1,
        2,
        2,
        null,
        1,
        1,
        1,
        null,
        null,
        null,
        1,
        1,
        1,
        1,
        1,
        null,
        2,
        2,
        null,
        1,
        1,
        1,
        null,
        null,
        null,
        null,
        1,
        1,
        2,
        2,
        2,
        null,
        null,
        1,
        2,
        2,
        null,
        1,
        1,
        1,
        null,
        null,
        null,
        1,
        2,
        2,
        null,
        1,
        1,
        1,
        null,
        null,
        null,
        null,
        1,
        3,
        null,
        1,
        1,
        1,
        1,
        1,
        1,
        1,
        1,
        1,
        1,
        1,
        null,
        2,
        null,
        1,
        1,
        1,
        null,
        null,
        null,
        1,
        2,
        null,
        1,
        1,
        1,
        null,
        null,
        null,
        null
      ],
      "/home/emheri/Projects/personal/ROR/friends-management/app/controllers/api/v1/friends_controller.rb": [
        1,
        1,
        1,
        null,
        1,
        1,
        1,
        6,
        6,
        2,
        2,
        1,
        null,
        1,
        null,
        null,
        4,
        null,
        null,
        null,
        1,
        1,
        1,
        2,
        2,
        1,
        null,
        1,
        null,
        null,
        null,
        1,
        1,
        1,
        2,
        2,
        1,
        1,
        null,
        1,
        null,
        null,
        null,
        1,
        null,
        1,
        8,
        null,
        null,
        1,
        3,
        null,
        null,
        1,
        8,
        null,
        null,
        null
      ],
      "/home/emheri/Projects/personal/ROR/friends-management/spec/request/api/v1/subscribes_spec.rb": [
        1,
        null,
        1,
        4,
        null,
        1,
        1,
        1,
        1,
        1,
        null,
        2,
        2,
        null,
        1,
        1,
        1,
        null,
        null,
        null,
        1,
        1,
        1,
        null,
        null,
        2,
        2,
        null,
        1,
        1,
        1,
        null,
        null,
        null,
        1,
        1,
        1,
        null,
        null,
        2,
        2,
        null,
        1,
        1,
        1,
        null,
        null,
        null,
        null,
        null
      ],
      "/home/emheri/Projects/personal/ROR/friends-management/app/controllers/api/v1/subscribes_controller.rb": [
        1,
        1,
        null,
        1,
        1,
        1,
        1,
        3,
        3,
        1,
        1,
        null,
        2,
        null,
        null,
        null,
        1,
        null,
        1,
        6,
        null,
        null,
        null
      ],
      "/home/emheri/Projects/personal/ROR/friends-management/spec/request/api/v1/users_spec.rb": [
        1,
        null,
        1,
        9,
        null,
        1,
        2,
        null,
        1,
        2,
        null,
        1,
        1,
        null,
        null,
        null,
        1,
        2,
        null,
        1,
        1,
        null,
        null,
        null,
        null,
        1,
        6,
        5,
        3,
        3,
        4,
        null,
        1,
        2,
        null,
        1,
        1,
        1,
        null,
        null,
        null,
        1,
        1,
        1,
        1,
        null,
        1,
        null,
        null,
        1,
        1,
        1,
        null,
        null,
        null,
        1,
        1,
        1,
        null,
        1,
        null,
        null,
        1,
        1,
        1,
        null,
        null,
        null,
        1,
        1,
        1,
        null,
        null,
        1,
        1,
        1,
        null,
        null,
        null,
        1,
        1,
        1,
        1,
        1,
        null,
        1,
        null,
        null,
        1,
        1,
        1,
        null,
        null,
        null,
        1,
        1,
        1,
        1,
        1,
        1,
        null,
        1,
        null,
        null,
        1,
        1,
        1,
        null,
        null,
        null,
        null,
        null
      ],
      "/home/emheri/Projects/personal/ROR/friends-management/app/controllers/api/v1/users_controller.rb": [
        1,
        1,
        null,
        1,
        1,
        1,
        2,
        1,
        null,
        null,
        1,
        1,
        1,
        1,
        6,
        6,
        5,
        null,
        1,
        null,
        null,
        null,
        1,
        null,
        1,
        2,
        null,
        null,
        1,
        12,
        null,
        null,
        null
      ],
      "/home/emheri/Projects/personal/ROR/friends-management/app/services/block_service.rb": [
        1,
        null,
        1,
        null,
        1,
        4,
        4,
        4,
        null,
        null,
        1,
        2,
        null,
        null,
        1,
        4,
        1,
        null,
        null,
        4,
        1,
        null,
        null,
        4,
        2,
        null,
        2,
        null,
        null,
        null,
        1,
        2,
        null,
        null,
        null
      ],
      "/home/emheri/Projects/personal/ROR/friends-management/app/services/friendship_service.rb": [
        1,
        null,
        1,
        null,
        1,
        8,
        8,
        8,
        8,
        null,
        null,
        1,
        8,
        8,
        4,
        4,
        4,
        1,
        1,
        null,
        8,
        1,
        1,
        null,
        8,
        1,
        1,
        null,
        null,
        8,
        null,
        null,
        1,
        2,
        2,
        1,
        1,
        1,
        null,
        1,
        null,
        null,
        null,
        1,
        null,
        1,
        8,
        null,
        null,
        1,
        8,
        null,
        null,
        1,
        8,
        15,
        15,
        8,
        null,
        7,
        null,
        null,
        null,
        null,
        1,
        8,
        null,
        null,
        1,
        4,
        null,
        null,
        null
      ],
      "/home/emheri/Projects/personal/ROR/friends-management/app/services/subscribe_service.rb": [
        1,
        null,
        1,
        null,
        1,
        3,
        3,
        3,
        null,
        null,
        1,
        1,
        null,
        null,
        1,
        3,
        1,
        null,
        null,
        3,
        1,
        null,
        null,
        3,
        1,
        null,
        2,
        null,
        null,
        null,
        1,
        2,
        null,
        null,
        null
      ]
    },
    "timestamp": 1510909264
  }
}
